16:13:06 - 970 root INFO Initiate Menace
16:13:06 - 992 root INFO Get all possible boards[['000000000'], ['200000000', '020000000', '002000000'], ['210000000', '201000000', '120000000', '021000000', '020100000', '020010000', '020001000', '102000000', '012000000', '002010000', '002001000', '002000100'], ['212000000', '210200000', '210020000', '210002000', '221000000', '201020000', '201002000', '201000200', '122000000', '120200000', '120020000', '120002000', '021200000', '021020000', '021002000', '021000200', '021000020', '021000002', '022100000', '020120000', '020102000', '020100200', '020100020', '020100002', '022010000', '020010200', '020010020', '020010002', '022001000', '020021000', '102020000', '102000200', '012020000', '012000200', '012000002', '002010200', '002010002', '002001002'], ['212100000', '212010000', '212001000', '212000100', '212000010', '212000001', '211200000', '210210000', '210201000', '210200100', '210200010', '210200001', '211020000', '210020100', '210020010', '210020001', '211002000', '210012000', '221010000', '221000100', '221000001', '201020100', '201020001', '201002001', '122100000', '122010000', '122001000', '122000100', '122000010', '122000001', '121200000', '120210000', '120201000', '120200100', '121020000', '120120000', '120021000', '120020100', '120020010', '120020001', '121002000', '120102000', '021210000', '021201000', '021200100', '021120000', '021021000', '021020100', '021020010', '021020001', '021102000', '021012000', '021002100', '021002010', '021002001', '021100200', '021010200', '021001200', '021000210', '021100020', '021010020', '021001020', '021000120', '021100002', '021010002', '021001002', '021000102', '021000012', '022110000', '022101000', '022100100', '022100010', '020121000', '020120100', '020120010', '020102010', '020110200', '020101200', '020110020', '020101020', '020110002', '020101002', '020100102', '022011000', '022010100', '020011200', '020011002', '112020000', '102120000', '102020100', '102020010', '112000200', '102010200', '012120000', '012021000', '012020100', '012020010', '012020001', '012100200', '012010200', '012001200', '012000210', '012000201', '012010002', '012001002', '002010201', '002011002', '002010102'], ['212120000', '212102000', '212210000', '212012000', '212010020', '212010002', '212201000', '212021000', '212001020', '212001002', '212200100', '212020100', '212002100', '212000120', '212200010', '212020010', '212002010', '212200001', '212020001', '212002001', '212000021', '211220000', '211202000', '211200200', '210212000', '210210200', '210220100', '210202100', '210220010', '210202010', '210220001', '210202001', '210200201', '211022000', '211020200', '210022100', '210022001', '221210000', '221010200', '221010020', '221010002', '221200100', '221020100', '221000120', '221000102', '221020001', '201022001', '201020201', '122120000', '122102000', '122100200', '122100020', '122100002', '122012000', '122010200', '122010020', '122010002', '122021000', '122001200', '122001020', '122001002', '122020100', '122002100', '122000120', '122020010', '122002010', '122000210', '122020001', '122002001', '122000201', '122000021', '121202000', '121200200', '120210200', '120210020', '120201200', '120201020', '121020200', '120120200', '120021200', '021212000', '021210200', '021210020', '021210002', '021221000', '021201200', '021201020', '021201002', '021220100', '021202100', '021122000', '021120200', '021120020', '021120002', '021021200', '021021020', '021021002', '021022100', '021020120', '021020102', '021022010', '021020210', '021020012', '021022001', '021020201', '021102200', '021102020', '021102002', '021012200', '021012020', '021002210', '021002012', '021100220', '021100202', '021010220', '021010202', '021001220', '021001202', '021000212', '022110200', '022110020', '022110002', '022121000', '022101200', '022101020', '022101002', '022120100', '022100102', '022120010', '022102010', '022100210', '022100012', '020121200', '020121020', '020121002', '020120102', '020120210', '020110220', '020110202', '020101202', '022011200', '022011002', '022010102', '020011202', '112020200', '112020002', '102020102', '012120200', '012120002', '012021200', '012020102', '012020210', '012020201'], ['212121000', '212120100', '212120010', '212120001', '212112000', '212102100', '212102010', '212102001', '212211000', '212210100', '212210010', '212210001', '212012100', '212012010', '212012001', '212011020', '212010120', '212010021', '212011002', '212010102', '212201100', '212201010', '212201001', '212021100', '212021010', '212001120', '212001021', '212200110', '212200101', '212020110', '212020101', '212002110', '212002101', '212000121', '211220100', '211220010', '211220001', '211212000', '211202100', '211202010', '211202001', '211210200', '211200201', '210212100', '210212010', '210212001', '210210201', '210220110', '210220101', '210202101', '211022100', '211022001', '211020201', '210022101', '221210100', '221210001', '221010201', '221010120', '221010102', '122121000', '122120100', '122120001', '122112000', '122102100', '122102001', '122110200', '122101200', '122100201', '122110020', '122101020', '122100120', '122100021', '122110002', '122101002', '122100102', '122012100', '122012010', '122011200', '122010210', '122011020', '122010120', '122011002', '122010102', '122021100', '122021010', '122021001', '122001210', '122001201', '122001120', '122001021', '122020110', '122020101', '122002110', '122002101', '122000121', '122020011', '122002011', '122000211', '121212000', '121202010', '121202001', '121210200', '121201200', '120211200', '120210210', '120211020', '120210120', '120201210', '121120200', '121021200', '121020210', '121020201', '120121200', '021212100', '021212010', '021211200', '021210210', '021210201', '021211020', '021210120', '021211002', '021210102', '021210012', '021221100', '021221010', '021201210', '021201120', '021201102', '021122100', '021122010', '021122001', '021121200', '021120210', '021120201', '021121020', '021120120', '021121002', '021120102', '021120012', '021021210', '021021201', '021021102', '021021012', '021022110', '021022101', '021020112', '021022011', '021112200', '021102210', '021112020', '021102012', '021012210', '021110220', '021101220', '021110202', '021101202', '021100212', '021011220', '021011202', '021010212', '021001212', '022110210', '022110102', '022110012', '022121100', '022121010', '022101210', '022101102', '022101012', '022120110', '020121210', '020121102', '022011102', '112120200', '112020210', '112020201', '112120002', '112020102', '012121200', '012120210', '012120201', '012120102', '012021201'], ['212121020', '212122100', '212120120', '212122010', '212122001', '212120021', '212112020', '212102120', '212211002', '212212100', '212210102', '212212010', '212212001', '212012120', '212012102', '212012021', '212011022', '212221100', '212221010', '212021120', '212220110', '212202110', '212220101', '212202101', '212022110', '212022101', '212020121', '212002121', '211220201', '211212200', '211202201', '210212201', '211022201', '221210102', '221210201', '122121200', '122121020', '122121002', '122122100', '122120120', '122120102', '122120201', '122120021', '122112200', '122112020', '122112002', '122102120', '122102102', '122102201', '122102021', '122110220', '122110202', '122101220', '122101202', '122100221', '122012120', '122012102', '122011202', '122021120', '122021210', '122021201', '122021021', '122022110', '122022101', '122020121', '122002121', '122020211', '121212020', '021212120', '021212102', '021212210', '021211220', '021211202', '021210212', '021221120', '021221102', '021221210', '021221012', '021122102', '021122210', '021122012', '021122201', '021121220', '021121202', '021120212', '021021212', '021112202', '021102212', '021012212', '022110212', '022121102', '022121210', '022121012', '112120202', '012121202']]
16:13:55 - 426 root INFO Initiate Menace
16:13:55 - 446 root INFO Get all possible boards[['000000000'], ['200000000', '020000000', '002000000'], ['210000000', '201000000', '120000000', '021000000', '020100000', '020010000', '020001000', '102000000', '012000000', '002010000', '002001000', '002000100'], ['212000000', '210200000', '210020000', '210002000', '221000000', '201020000', '201002000', '201000200', '122000000', '120200000', '120020000', '120002000', '021200000', '021020000', '021002000', '021000200', '021000020', '021000002', '022100000', '020120000', '020102000', '020100200', '020100020', '020100002', '022010000', '020010200', '020010020', '020010002', '022001000', '020021000', '102020000', '102000200', '012020000', '012000200', '012000002', '002010200', '002010002', '002001002'], ['212100000', '212010000', '212001000', '212000100', '212000010', '212000001', '211200000', '210210000', '210201000', '210200100', '210200010', '210200001', '211020000', '210020100', '210020010', '210020001', '211002000', '210012000', '221010000', '221000100', '221000001', '201020100', '201020001', '201002001', '122100000', '122010000', '122001000', '122000100', '122000010', '122000001', '121200000', '120210000', '120201000', '120200100', '121020000', '120120000', '120021000', '120020100', '120020010', '120020001', '121002000', '120102000', '021210000', '021201000', '021200100', '021120000', '021021000', '021020100', '021020010', '021020001', '021102000', '021012000', '021002100', '021002010', '021002001', '021100200', '021010200', '021001200', '021000210', '021100020', '021010020', '021001020', '021000120', '021100002', '021010002', '021001002', '021000102', '021000012', '022110000', '022101000', '022100100', '022100010', '020121000', '020120100', '020120010', '020102010', '020110200', '020101200', '020110020', '020101020', '020110002', '020101002', '020100102', '022011000', '022010100', '020011200', '020011002', '112020000', '102120000', '102020100', '102020010', '112000200', '102010200', '012120000', '012021000', '012020100', '012020010', '012020001', '012100200', '012010200', '012001200', '012000210', '012000201', '012010002', '012001002', '002010201', '002011002', '002010102'], ['212120000', '212102000', '212210000', '212012000', '212010020', '212010002', '212201000', '212021000', '212001020', '212001002', '212200100', '212020100', '212002100', '212000120', '212200010', '212020010', '212002010', '212200001', '212020001', '212002001', '212000021', '211220000', '211202000', '211200200', '210212000', '210210200', '210220100', '210202100', '210220010', '210202010', '210220001', '210202001', '210200201', '211022000', '211020200', '210022100', '210022001', '221210000', '221010200', '221010020', '221010002', '221200100', '221020100', '221000120', '221000102', '221020001', '201022001', '201020201', '122120000', '122102000', '122100200', '122100020', '122100002', '122012000', '122010200', '122010020', '122010002', '122021000', '122001200', '122001020', '122001002', '122020100', '122002100', '122000120', '122020010', '122002010', '122000210', '122020001', '122002001', '122000201', '122000021', '121202000', '121200200', '120210200', '120210020', '120201200', '120201020', '121020200', '120120200', '120021200', '021212000', '021210200', '021210020', '021210002', '021221000', '021201200', '021201020', '021201002', '021220100', '021202100', '021122000', '021120200', '021120020', '021120002', '021021200', '021021020', '021021002', '021022100', '021020120', '021020102', '021022010', '021020210', '021020012', '021022001', '021020201', '021102200', '021102020', '021102002', '021012200', '021012020', '021002210', '021002012', '021100220', '021100202', '021010220', '021010202', '021001220', '021001202', '021000212', '022110200', '022110020', '022110002', '022121000', '022101200', '022101020', '022101002', '022120100', '022100102', '022120010', '022102010', '022100210', '022100012', '020121200', '020121020', '020121002', '020120102', '020120210', '020110220', '020110202', '020101202', '022011200', '022011002', '022010102', '020011202', '112020200', '112020002', '102020102', '012120200', '012120002', '012021200', '012020102', '012020210', '012020201'], ['212121000', '212120100', '212120010', '212120001', '212112000', '212102100', '212102010', '212102001', '212211000', '212210100', '212210010', '212210001', '212012100', '212012010', '212012001', '212011020', '212010120', '212010021', '212011002', '212010102', '212201100', '212201010', '212201001', '212021100', '212021010', '212001120', '212001021', '212200110', '212200101', '212020110', '212020101', '212002110', '212002101', '212000121', '211220100', '211220010', '211220001', '211212000', '211202100', '211202010', '211202001', '211210200', '211200201', '210212100', '210212010', '210212001', '210210201', '210220110', '210220101', '210202101', '211022100', '211022001', '211020201', '210022101', '221210100', '221210001', '221010201', '221010120', '221010102', '122121000', '122120100', '122120001', '122112000', '122102100', '122102001', '122110200', '122101200', '122100201', '122110020', '122101020', '122100120', '122100021', '122110002', '122101002', '122100102', '122012100', '122012010', '122011200', '122010210', '122011020', '122010120', '122011002', '122010102', '122021100', '122021010', '122021001', '122001210', '122001201', '122001120', '122001021', '122020110', '122020101', '122002110', '122002101', '122000121', '122020011', '122002011', '122000211', '121212000', '121202010', '121202001', '121210200', '121201200', '120211200', '120210210', '120211020', '120210120', '120201210', '121120200', '121021200', '121020210', '121020201', '120121200', '021212100', '021212010', '021211200', '021210210', '021210201', '021211020', '021210120', '021211002', '021210102', '021210012', '021221100', '021221010', '021201210', '021201120', '021201102', '021122100', '021122010', '021122001', '021121200', '021120210', '021120201', '021121020', '021120120', '021121002', '021120102', '021120012', '021021210', '021021201', '021021102', '021021012', '021022110', '021022101', '021020112', '021022011', '021112200', '021102210', '021112020', '021102012', '021012210', '021110220', '021101220', '021110202', '021101202', '021100212', '021011220', '021011202', '021010212', '021001212', '022110210', '022110102', '022110012', '022121100', '022121010', '022101210', '022101102', '022101012', '022120110', '020121210', '020121102', '022011102', '112120200', '112020210', '112020201', '112120002', '112020102', '012121200', '012120210', '012120201', '012120102', '012021201'], ['212121020', '212122100', '212120120', '212122010', '212122001', '212120021', '212112020', '212102120', '212211002', '212212100', '212210102', '212212010', '212212001', '212012120', '212012102', '212012021', '212011022', '212221100', '212221010', '212021120', '212220110', '212202110', '212220101', '212202101', '212022110', '212022101', '212020121', '212002121', '211220201', '211212200', '211202201', '210212201', '211022201', '221210102', '221210201', '122121200', '122121020', '122121002', '122122100', '122120120', '122120102', '122120201', '122120021', '122112200', '122112020', '122112002', '122102120', '122102102', '122102201', '122102021', '122110220', '122110202', '122101220', '122101202', '122100221', '122012120', '122012102', '122011202', '122021120', '122021210', '122021201', '122021021', '122022110', '122022101', '122020121', '122002121', '122020211', '121212020', '021212120', '021212102', '021212210', '021211220', '021211202', '021210212', '021221120', '021221102', '021221210', '021221012', '021122102', '021122210', '021122012', '021122201', '021121220', '021121202', '021120212', '021021212', '021112202', '021102212', '021012212', '022110212', '022121102', '022121210', '022121012', '112120202', '012121202']]
16:14:42 - 785 root INFO Initiate Menace
16:14:42 - 818 root INFO Get all possible boards[['000000000'], ['200000000', '020000000', '002000000'], ['210000000', '201000000', '120000000', '021000000', '020100000', '020010000', '020001000', '102000000', '012000000', '002010000', '002001000', '002000100'], ['212000000', '210200000', '210020000', '210002000', '221000000', '201020000', '201002000', '201000200', '122000000', '120200000', '120020000', '120002000', '021200000', '021020000', '021002000', '021000200', '021000020', '021000002', '022100000', '020120000', '020102000', '020100200', '020100020', '020100002', '022010000', '020010200', '020010020', '020010002', '022001000', '020021000', '102020000', '102000200', '012020000', '012000200', '012000002', '002010200', '002010002', '002001002'], ['212100000', '212010000', '212001000', '212000100', '212000010', '212000001', '211200000', '210210000', '210201000', '210200100', '210200010', '210200001', '211020000', '210020100', '210020010', '210020001', '211002000', '210012000', '221010000', '221000100', '221000001', '201020100', '201020001', '201002001', '122100000', '122010000', '122001000', '122000100', '122000010', '122000001', '121200000', '120210000', '120201000', '120200100', '121020000', '120120000', '120021000', '120020100', '120020010', '120020001', '121002000', '120102000', '021210000', '021201000', '021200100', '021120000', '021021000', '021020100', '021020010', '021020001', '021102000', '021012000', '021002100', '021002010', '021002001', '021100200', '021010200', '021001200', '021000210', '021100020', '021010020', '021001020', '021000120', '021100002', '021010002', '021001002', '021000102', '021000012', '022110000', '022101000', '022100100', '022100010', '020121000', '020120100', '020120010', '020102010', '020110200', '020101200', '020110020', '020101020', '020110002', '020101002', '020100102', '022011000', '022010100', '020011200', '020011002', '112020000', '102120000', '102020100', '102020010', '112000200', '102010200', '012120000', '012021000', '012020100', '012020010', '012020001', '012100200', '012010200', '012001200', '012000210', '012000201', '012010002', '012001002', '002010201', '002011002', '002010102'], ['212120000', '212102000', '212210000', '212012000', '212010020', '212010002', '212201000', '212021000', '212001020', '212001002', '212200100', '212020100', '212002100', '212000120', '212200010', '212020010', '212002010', '212200001', '212020001', '212002001', '212000021', '211220000', '211202000', '211200200', '210212000', '210210200', '210220100', '210202100', '210220010', '210202010', '210220001', '210202001', '210200201', '211022000', '211020200', '210022100', '210022001', '221210000', '221010200', '221010020', '221010002', '221200100', '221020100', '221000120', '221000102', '221020001', '201022001', '201020201', '122120000', '122102000', '122100200', '122100020', '122100002', '122012000', '122010200', '122010020', '122010002', '122021000', '122001200', '122001020', '122001002', '122020100', '122002100', '122000120', '122020010', '122002010', '122000210', '122020001', '122002001', '122000201', '122000021', '121202000', '121200200', '120210200', '120210020', '120201200', '120201020', '121020200', '120120200', '120021200', '021212000', '021210200', '021210020', '021210002', '021221000', '021201200', '021201020', '021201002', '021220100', '021202100', '021122000', '021120200', '021120020', '021120002', '021021200', '021021020', '021021002', '021022100', '021020120', '021020102', '021022010', '021020210', '021020012', '021022001', '021020201', '021102200', '021102020', '021102002', '021012200', '021012020', '021002210', '021002012', '021100220', '021100202', '021010220', '021010202', '021001220', '021001202', '021000212', '022110200', '022110020', '022110002', '022121000', '022101200', '022101020', '022101002', '022120100', '022100102', '022120010', '022102010', '022100210', '022100012', '020121200', '020121020', '020121002', '020120102', '020120210', '020110220', '020110202', '020101202', '022011200', '022011002', '022010102', '020011202', '112020200', '112020002', '102020102', '012120200', '012120002', '012021200', '012020102', '012020210', '012020201'], ['212121000', '212120100', '212120010', '212120001', '212112000', '212102100', '212102010', '212102001', '212211000', '212210100', '212210010', '212210001', '212012100', '212012010', '212012001', '212011020', '212010120', '212010021', '212011002', '212010102', '212201100', '212201010', '212201001', '212021100', '212021010', '212001120', '212001021', '212200110', '212200101', '212020110', '212020101', '212002110', '212002101', '212000121', '211220100', '211220010', '211220001', '211212000', '211202100', '211202010', '211202001', '211210200', '211200201', '210212100', '210212010', '210212001', '210210201', '210220110', '210220101', '210202101', '211022100', '211022001', '211020201', '210022101', '221210100', '221210001', '221010201', '221010120', '221010102', '122121000', '122120100', '122120001', '122112000', '122102100', '122102001', '122110200', '122101200', '122100201', '122110020', '122101020', '122100120', '122100021', '122110002', '122101002', '122100102', '122012100', '122012010', '122011200', '122010210', '122011020', '122010120', '122011002', '122010102', '122021100', '122021010', '122021001', '122001210', '122001201', '122001120', '122001021', '122020110', '122020101', '122002110', '122002101', '122000121', '122020011', '122002011', '122000211', '121212000', '121202010', '121202001', '121210200', '121201200', '120211200', '120210210', '120211020', '120210120', '120201210', '121120200', '121021200', '121020210', '121020201', '120121200', '021212100', '021212010', '021211200', '021210210', '021210201', '021211020', '021210120', '021211002', '021210102', '021210012', '021221100', '021221010', '021201210', '021201120', '021201102', '021122100', '021122010', '021122001', '021121200', '021120210', '021120201', '021121020', '021120120', '021121002', '021120102', '021120012', '021021210', '021021201', '021021102', '021021012', '021022110', '021022101', '021020112', '021022011', '021112200', '021102210', '021112020', '021102012', '021012210', '021110220', '021101220', '021110202', '021101202', '021100212', '021011220', '021011202', '021010212', '021001212', '022110210', '022110102', '022110012', '022121100', '022121010', '022101210', '022101102', '022101012', '022120110', '020121210', '020121102', '022011102', '112120200', '112020210', '112020201', '112120002', '112020102', '012121200', '012120210', '012120201', '012120102', '012021201'], ['212121020', '212122100', '212120120', '212122010', '212122001', '212120021', '212112020', '212102120', '212211002', '212212100', '212210102', '212212010', '212212001', '212012120', '212012102', '212012021', '212011022', '212221100', '212221010', '212021120', '212220110', '212202110', '212220101', '212202101', '212022110', '212022101', '212020121', '212002121', '211220201', '211212200', '211202201', '210212201', '211022201', '221210102', '221210201', '122121200', '122121020', '122121002', '122122100', '122120120', '122120102', '122120201', '122120021', '122112200', '122112020', '122112002', '122102120', '122102102', '122102201', '122102021', '122110220', '122110202', '122101220', '122101202', '122100221', '122012120', '122012102', '122011202', '122021120', '122021210', '122021201', '122021021', '122022110', '122022101', '122020121', '122002121', '122020211', '121212020', '021212120', '021212102', '021212210', '021211220', '021211202', '021210212', '021221120', '021221102', '021221210', '021221012', '021122102', '021122210', '021122012', '021122201', '021121220', '021121202', '021120212', '021021212', '021112202', '021102212', '021012212', '022110212', '022121102', '022121210', '022121012', '112120202', '012121202']]
16:15:28 - 525 root INFO Initiate Menace
16:15:28 - 550 root INFO Get all possible boards[['000000000'], ['200000000', '020000000', '002000000'], ['210000000', '201000000', '120000000', '021000000', '020100000', '020010000', '020001000', '102000000', '012000000', '002010000', '002001000', '002000100'], ['212000000', '210200000', '210020000', '210002000', '221000000', '201020000', '201002000', '201000200', '122000000', '120200000', '120020000', '120002000', '021200000', '021020000', '021002000', '021000200', '021000020', '021000002', '022100000', '020120000', '020102000', '020100200', '020100020', '020100002', '022010000', '020010200', '020010020', '020010002', '022001000', '020021000', '102020000', '102000200', '012020000', '012000200', '012000002', '002010200', '002010002', '002001002'], ['212100000', '212010000', '212001000', '212000100', '212000010', '212000001', '211200000', '210210000', '210201000', '210200100', '210200010', '210200001', '211020000', '210020100', '210020010', '210020001', '211002000', '210012000', '221010000', '221000100', '221000001', '201020100', '201020001', '201002001', '122100000', '122010000', '122001000', '122000100', '122000010', '122000001', '121200000', '120210000', '120201000', '120200100', '121020000', '120120000', '120021000', '120020100', '120020010', '120020001', '121002000', '120102000', '021210000', '021201000', '021200100', '021120000', '021021000', '021020100', '021020010', '021020001', '021102000', '021012000', '021002100', '021002010', '021002001', '021100200', '021010200', '021001200', '021000210', '021100020', '021010020', '021001020', '021000120', '021100002', '021010002', '021001002', '021000102', '021000012', '022110000', '022101000', '022100100', '022100010', '020121000', '020120100', '020120010', '020102010', '020110200', '020101200', '020110020', '020101020', '020110002', '020101002', '020100102', '022011000', '022010100', '020011200', '020011002', '112020000', '102120000', '102020100', '102020010', '112000200', '102010200', '012120000', '012021000', '012020100', '012020010', '012020001', '012100200', '012010200', '012001200', '012000210', '012000201', '012010002', '012001002', '002010201', '002011002', '002010102'], ['212120000', '212102000', '212210000', '212012000', '212010020', '212010002', '212201000', '212021000', '212001020', '212001002', '212200100', '212020100', '212002100', '212000120', '212200010', '212020010', '212002010', '212200001', '212020001', '212002001', '212000021', '211220000', '211202000', '211200200', '210212000', '210210200', '210220100', '210202100', '210220010', '210202010', '210220001', '210202001', '210200201', '211022000', '211020200', '210022100', '210022001', '221210000', '221010200', '221010020', '221010002', '221200100', '221020100', '221000120', '221000102', '221020001', '201022001', '201020201', '122120000', '122102000', '122100200', '122100020', '122100002', '122012000', '122010200', '122010020', '122010002', '122021000', '122001200', '122001020', '122001002', '122020100', '122002100', '122000120', '122020010', '122002010', '122000210', '122020001', '122002001', '122000201', '122000021', '121202000', '121200200', '120210200', '120210020', '120201200', '120201020', '121020200', '120120200', '120021200', '021212000', '021210200', '021210020', '021210002', '021221000', '021201200', '021201020', '021201002', '021220100', '021202100', '021122000', '021120200', '021120020', '021120002', '021021200', '021021020', '021021002', '021022100', '021020120', '021020102', '021022010', '021020210', '021020012', '021022001', '021020201', '021102200', '021102020', '021102002', '021012200', '021012020', '021002210', '021002012', '021100220', '021100202', '021010220', '021010202', '021001220', '021001202', '021000212', '022110200', '022110020', '022110002', '022121000', '022101200', '022101020', '022101002', '022120100', '022100102', '022120010', '022102010', '022100210', '022100012', '020121200', '020121020', '020121002', '020120102', '020120210', '020110220', '020110202', '020101202', '022011200', '022011002', '022010102', '020011202', '112020200', '112020002', '102020102', '012120200', '012120002', '012021200', '012020102', '012020210', '012020201'], ['212121000', '212120100', '212120010', '212120001', '212112000', '212102100', '212102010', '212102001', '212211000', '212210100', '212210010', '212210001', '212012100', '212012010', '212012001', '212011020', '212010120', '212010021', '212011002', '212010102', '212201100', '212201010', '212201001', '212021100', '212021010', '212001120', '212001021', '212200110', '212200101', '212020110', '212020101', '212002110', '212002101', '212000121', '211220100', '211220010', '211220001', '211212000', '211202100', '211202010', '211202001', '211210200', '211200201', '210212100', '210212010', '210212001', '210210201', '210220110', '210220101', '210202101', '211022100', '211022001', '211020201', '210022101', '221210100', '221210001', '221010201', '221010120', '221010102', '122121000', '122120100', '122120001', '122112000', '122102100', '122102001', '122110200', '122101200', '122100201', '122110020', '122101020', '122100120', '122100021', '122110002', '122101002', '122100102', '122012100', '122012010', '122011200', '122010210', '122011020', '122010120', '122011002', '122010102', '122021100', '122021010', '122021001', '122001210', '122001201', '122001120', '122001021', '122020110', '122020101', '122002110', '122002101', '122000121', '122020011', '122002011', '122000211', '121212000', '121202010', '121202001', '121210200', '121201200', '120211200', '120210210', '120211020', '120210120', '120201210', '121120200', '121021200', '121020210', '121020201', '120121200', '021212100', '021212010', '021211200', '021210210', '021210201', '021211020', '021210120', '021211002', '021210102', '021210012', '021221100', '021221010', '021201210', '021201120', '021201102', '021122100', '021122010', '021122001', '021121200', '021120210', '021120201', '021121020', '021120120', '021121002', '021120102', '021120012', '021021210', '021021201', '021021102', '021021012', '021022110', '021022101', '021020112', '021022011', '021112200', '021102210', '021112020', '021102012', '021012210', '021110220', '021101220', '021110202', '021101202', '021100212', '021011220', '021011202', '021010212', '021001212', '022110210', '022110102', '022110012', '022121100', '022121010', '022101210', '022101102', '022101012', '022120110', '020121210', '020121102', '022011102', '112120200', '112020210', '112020201', '112120002', '112020102', '012121200', '012120210', '012120201', '012120102', '012021201'], ['212121020', '212122100', '212120120', '212122010', '212122001', '212120021', '212112020', '212102120', '212211002', '212212100', '212210102', '212212010', '212212001', '212012120', '212012102', '212012021', '212011022', '212221100', '212221010', '212021120', '212220110', '212202110', '212220101', '212202101', '212022110', '212022101', '212020121', '212002121', '211220201', '211212200', '211202201', '210212201', '211022201', '221210102', '221210201', '122121200', '122121020', '122121002', '122122100', '122120120', '122120102', '122120201', '122120021', '122112200', '122112020', '122112002', '122102120', '122102102', '122102201', '122102021', '122110220', '122110202', '122101220', '122101202', '122100221', '122012120', '122012102', '122011202', '122021120', '122021210', '122021201', '122021021', '122022110', '122022101', '122020121', '122002121', '122020211', '121212020', '021212120', '021212102', '021212210', '021211220', '021211202', '021210212', '021221120', '021221102', '021221210', '021221012', '021122102', '021122210', '021122012', '021122201', '021121220', '021121202', '021120212', '021021212', '021112202', '021102212', '021012212', '022110212', '022121102', '022121210', '022121012', '112120202', '012121202']]
16:51:40 - 211 root INFO Training...
16:51:40 - 220 root INFO 
Game: 122122211, winner: 2, round: 20

16:51:40 - 220 root INFO    26   |   18   |   16   
-------+-------+------
   0   |   0   |   0   
-------+-------+------
   0   |   0   |   0   

16:51:40 - 225 root INFO 
Game: 022120211, winner: 2, round: 40

16:51:40 - 225 root INFO    31   |   29   |   28   
-------+-------+------
   0   |   0   |   0   
-------+-------+------
   0   |   0   |   0   

16:51:40 - 229 root INFO 
Game: 202211210, winner: 2, round: 60

16:51:40 - 229 root INFO    36   |   38   |   36   
-------+-------+------
   0   |   0   |   0   
-------+-------+------
   0   |   0   |   0   

16:51:40 - 234 root INFO 
Game: 211122221, winner: 0, round: 80

16:51:40 - 234 root INFO    49   |   41   |   56   
-------+-------+------
   0   |   0   |   0   
-------+-------+------
   0   |   0   |   0   

16:51:40 - 238 root INFO 
Game: 222011012, winner: 2, round: 100

16:51:40 - 238 root INFO    58   |   53   |   81   
-------+-------+------
   0   |   0   |   0   
-------+-------+------
   0   |   0   |   0   

16:51:40 - 245 root INFO 
Game: 212121122, winner: 2, round: 120

16:51:40 - 245 root INFO    67   |   70   |   107   
-------+-------+------
   0   |   0   |   0   
-------+-------+------
   0   |   0   |   0   

16:51:40 - 252 root INFO 
Game: 122121212, winner: 2, round: 140

16:51:40 - 252 root INFO    72   |   66   |   128   
-------+-------+------
   0   |   0   |   0   
-------+-------+------
   0   |   0   |   0   

16:51:40 - 262 root INFO 
Game: 222112112, winner: 2, round: 160

16:51:40 - 262 root INFO    88   |   76   |   142   
-------+-------+------
   0   |   0   |   0   
-------+-------+------
   0   |   0   |   0   

16:51:40 - 271 root INFO 
Game: 212221112, winner: 2, round: 180

16:51:40 - 271 root INFO    96   |   78   |   164   
-------+-------+------
   0   |   0   |   0   
-------+-------+------
   0   |   0   |   0   

16:51:40 - 278 root INFO 
Game: 211122122, winner: 2, round: 200

16:51:40 - 278 root INFO    113   |   80   |   179   
-------+-------+------
   0   |   0   |   0   
-------+-------+------
   0   |   0   |   0   

16:51:40 - 278 root INFO Training finished!
16:56:57 - 618 root INFO -------------------------
16:56:57 - 619 root INFO Training...
16:56:57 - 627 root INFO 
Game: 222100121, winner: 2, round: 20

16:56:57 - 627 root INFO    24   |   17   |   15   
-------+-------+------
   0   |   0   |   0   
-------+-------+------
   0   |   0   |   0   

16:56:57 - 631 root INFO 
Game: 200020112, winner: 2, round: 40

16:56:57 - 631 root INFO    41   |   22   |   23   
-------+-------+------
   0   |   0   |   0   
-------+-------+------
   0   |   0   |   0   

16:56:57 - 636 root INFO 
Game: 220111020, winner: 1, round: 60

16:56:57 - 636 root INFO    73   |   23   |   24   
-------+-------+------
   0   |   0   |   0   
-------+-------+------
   0   |   0   |   0   

16:56:57 - 641 root INFO 
Game: 122012211, winner: 1, round: 80

16:56:57 - 641 root INFO    93   |   29   |   34   
-------+-------+------
   0   |   0   |   0   
-------+-------+------
   0   |   0   |   0   

16:56:57 - 645 root INFO 
Game: 221122121, winner: 2, round: 100

16:56:57 - 645 root INFO    124   |   30   |   48   
-------+-------+------
   0   |   0   |   0   
-------+-------+------
   0   |   0   |   0   

16:56:57 - 650 root INFO 
Game: 212112221, winner: 0, round: 120

16:56:57 - 650 root INFO    155   |   36   |   51   
-------+-------+------
   0   |   0   |   0   
-------+-------+------
   0   |   0   |   0   

16:56:57 - 656 root INFO 
Game: 221221101, winner: 1, round: 140

16:56:57 - 656 root INFO    183   |   43   |   58   
-------+-------+------
   0   |   0   |   0   
-------+-------+------
   0   |   0   |   0   

16:56:57 - 663 root INFO 
Game: 222011012, winner: 2, round: 160

16:56:57 - 663 root INFO    208   |   53   |   63   
-------+-------+------
   0   |   0   |   0   
-------+-------+------
   0   |   0   |   0   

16:56:57 - 672 root INFO 
Game: 212112122, winner: 2, round: 180

16:56:57 - 672 root INFO    232   |   55   |   71   
-------+-------+------
   0   |   0   |   0   
-------+-------+------
   0   |   0   |   0   

16:56:57 - 678 root INFO 
Game: 221211212, winner: 2, round: 200

16:56:57 - 678 root INFO    264   |   58   |   76   
-------+-------+------
   0   |   0   |   0   
-------+-------+------
   0   |   0   |   0   

16:56:57 - 678 root INFO Training finished!
16:56:57 - 678 root INFO -------------------------
16:56:57 - 678 root INFO Human Moves vs Menace
16:56:57 - 678 root INFO {0: 264, 1: 58, 2: 76, 3: 0, 4: 0, 5: 0, 6: 0, 7: 0, 8: 0}
16:56:57 - 678 root INFO    264   |   58   |   76   
-------+-------+------
   0   |   0   |   0   
-------+-------+------
   0   |   0   |   0   

16:56:57 - 678 root INFO Human moves
16:56:57 - 678 root INFO  X |   |   
---+---+---
   |   |   
---+---+---
   |   |   
16:56:57 - 678 root INFO {0: 264.1, 1: 58.1, 2: 76.1, 3: 0.1, 4: 0.1, 5: 0.1, 6: 0.1, 7: 0.1, 8: 0.1}
16:56:57 - 678 root INFO    X   |   58   |   76   
-------+-------+------
   0   |   O   |   0   
-------+-------+------
   0   |   0   |   0   

16:56:57 - 678 root INFO Human moves
16:56:57 - 678 root INFO  X |   |   
---+---+---
 X | O |   
---+---+---
   |   |   
16:56:57 - 678 root INFO {0: 0.1, 1: 14.1, 2: 7.1, 3: 15.1, 4: 0.1, 5: 3.1, 6: 5.1, 7: 3.1, 8: 2.1}
16:56:57 - 678 root INFO    X   |   14   |   O   
-------+-------+------
   X   |   O   |   3   
-------+-------+------
   5   |   3   |   2   

16:56:57 - 678 root INFO Human moves
16:56:57 - 678 root INFO  X | X | O 
---+---+---
 X | O |   
---+---+---
   |   |   
16:56:57 - 678 root INFO {0: 0.1, 1: 8.1, 2: 0.1, 3: 0.1, 4: 0.1, 5: 2.1, 6: 2.1, 7: 2.1, 8: 2.1}
16:56:57 - 678 root INFO    X   |   X   |   O   
-------+-------+------
   X   |   O   |   2   
-------+-------+------
   2   |   2   |   O   

16:56:57 - 679 root INFO 
Winner: Menace

16:56:57 - 679 root INFO  X | X | O 
---+---+---
 X | O |   
---+---+---
 X |   | O 
16:56:59 - 800 root INFO {0: 267, 1: 58, 2: 76, 3: 0, 4: 0, 5: 0, 6: 0, 7: 0, 8: 0}
16:56:59 - 800 root INFO    267   |   58   |   76   
-------+-------+------
   0   |   0   |   0   
-------+-------+------
   0   |   0   |   0   

16:56:59 - 801 root INFO Human moves
16:56:59 - 801 root INFO  X |   |   
---+---+---
   |   |   
---+---+---
   |   |   
16:56:59 - 801 root INFO {0: 267.1, 1: 58.1, 2: 76.1, 3: 0.1, 4: 0.1, 5: 0.1, 6: 0.1, 7: 0.1, 8: 0.1}
16:56:59 - 801 root INFO    X   |   58   |   76   
-------+-------+------
   O   |   0   |   0   
-------+-------+------
   0   |   0   |   0   

16:56:59 - 801 root INFO Human moves
16:56:59 - 801 root INFO  X |   |   
---+---+---
 O |   | X 
---+---+---
   |   |   
16:56:59 - 802 root INFO {0: 0.1, 1: 0.1, 2: 9.1, 3: 7.1, 4: 10.1, 5: 6.1, 6: 16.1, 7: 44.1, 8: 8.1}
16:56:59 - 802 root INFO    X   |   0   |   9   
-------+-------+------
   O   |   10   |   X   
-------+-------+------
   16   |   O   |   8   

16:56:59 - 802 root INFO Human moves
16:56:59 - 802 root INFO  X |   |   
---+---+---
 O | X | X 
---+---+---
   | O |   
16:56:59 - 802 root INFO {0: 0.1, 1: 0.1, 2: 7.1, 3: 5.1, 4: 5.1, 5: 0.1, 6: 2.1, 7: 0.1, 8: 2.1}
16:56:59 - 802 root INFO    X   |   0   |   7   
-------+-------+------
   O   |   X   |   X   
-------+-------+------
   2   |   O   |   O   

16:56:59 - 802 root INFO Human moves
16:56:59 - 802 root INFO  X | X |   
---+---+---
 O | X | X 
---+---+---
   | O | O 
16:56:59 - 802 root INFO {0: 0.1, 1: 0.1, 2: 1.1, 3: 1.1, 4: 0.1, 5: 0.1, 6: 1.1, 7: 0.1, 8: 0.1}
16:56:59 - 802 root INFO    X   |   X   |   O   
-------+-------+------
   O   |   X   |   X   
-------+-------+------
   1   |   O   |   O   

16:56:59 - 803 root INFO 
Winner: Human

16:56:59 - 803 root INFO  X | X | O 
---+---+---
 O | X | X 
---+---+---
 X | O | O 
16:57:00 - 462 root INFO {0: 268, 1: 58, 2: 76, 3: 0, 4: 0, 5: 0, 6: 0, 7: 0, 8: 0}
16:57:00 - 463 root INFO    268   |   58   |   76   
-------+-------+------
   0   |   0   |   0   
-------+-------+------
   0   |   0   |   0   

16:57:00 - 463 root INFO Human moves
16:57:00 - 463 root INFO  X |   |   
---+---+---
   |   |   
---+---+---
   |   |   
16:57:00 - 463 root INFO {0: 268.1, 1: 58.1, 2: 76.1, 3: 0.1, 4: 0.1, 5: 0.1, 6: 0.1, 7: 0.1, 8: 0.1}
16:57:00 - 463 root INFO    X   |   O   |   76   
-------+-------+------
   0   |   0   |   0   
-------+-------+------
   0   |   0   |   0   

16:57:00 - 464 root INFO Human moves
16:57:00 - 464 root INFO  X | O |   
---+---+---
 X |   |   
---+---+---
   |   |   
16:57:00 - 464 root INFO {0: 0.1, 1: 0.1, 2: 9.1, 3: 7.1, 4: 10.1, 5: 6.1, 6: 16.1, 7: 45.1, 8: 8.1}
16:57:00 - 464 root INFO    X   |   O   |   9   
-------+-------+------
   X   |   10   |   6   
-------+-------+------
   O   |   45   |   8   

16:57:00 - 464 root INFO Human moves
16:57:00 - 464 root INFO  X | O |   
---+---+---
 X |   |   
---+---+---
 O |   | X 
16:57:00 - 464 root INFO {0: 0.1, 1: 0.1, 2: 2.1, 3: 0.1, 4: 2.1, 5: 2.1, 6: 0.1, 7: 2.1, 8: 2.1}
16:57:00 - 464 root INFO    X   |   O   |   2   
-------+-------+------
   X   |   O   |   2   
-------+-------+------
   O   |   2   |   X   

16:57:00 - 464 root INFO Human moves
16:57:00 - 464 root INFO  X | O |   
---+---+---
 X | O |   
---+---+---
 O | X | X 
16:57:00 - 464 root INFO {0: 0.1, 1: 0.1, 2: 1.1, 3: 0.1, 4: 0.1, 5: 0.1, 6: 0.1, 7: 1.1, 8: 0.1}
16:57:00 - 464 root INFO    X   |   O   |   1   
-------+-------+------
   X   |   O   |   O   
-------+-------+------
   O   |   X   |   X   

16:57:00 - 465 root INFO 
Winner: Human

16:57:00 - 465 root INFO  X | O | X 
---+---+---
 X | O | O 
---+---+---
 O | X | X 
16:57:00 - 875 root INFO {0: 269, 1: 58, 2: 76, 3: 0, 4: 0, 5: 0, 6: 0, 7: 0, 8: 0}
16:57:00 - 875 root INFO    269   |   58   |   76   
-------+-------+------
   0   |   0   |   0   
-------+-------+------
   0   |   0   |   0   

16:57:00 - 875 root INFO Human moves
16:57:00 - 876 root INFO  X |   |   
---+---+---
   |   |   
---+---+---
   |   |   
16:57:00 - 876 root INFO {0: 269.1, 1: 58.1, 2: 76.1, 3: 0.1, 4: 0.1, 5: 0.1, 6: 0.1, 7: 0.1, 8: 0.1}
16:57:00 - 876 root INFO    X   |   58   |   76   
-------+-------+------
   0   |   0   |   0   
-------+-------+------
   O   |   0   |   0   

16:57:00 - 876 root INFO Human moves
16:57:00 - 876 root INFO  X |   | X 
---+---+---
   |   |   
---+---+---
 O |   |   
16:57:00 - 876 root INFO {0: 0.1, 1: 10.1, 2: 0.1, 3: 7.1, 4: 12.1, 5: 27.1, 6: 29.1, 7: 8.1, 8: 13.1}
16:57:00 - 876 root INFO    X   |   10   |   X   
-------+-------+------
   7   |   12   |   O   
-------+-------+------
   O   |   8   |   13   

16:57:00 - 876 root INFO Human moves
16:57:00 - 877 root INFO  X |   | X 
---+---+---
 X |   | O 
---+---+---
 O |   |   
16:57:00 - 877 root INFO {0: 0.1, 1: 0.1, 2: 2.1, 3: 11.1, 4: 2.1, 5: 2.1, 6: 0.1, 7: 7.1, 8: 0.1}
16:57:00 - 877 root INFO    X   |   0   |   X   
-------+-------+------
   X   |   2   |   O   
-------+-------+------
   O   |   7   |   O   

16:57:00 - 877 root INFO Human moves
16:57:00 - 877 root INFO  X |   | X 
---+---+---
 X |   | O 
---+---+---
 O | X | O 
16:57:00 - 877 root INFO {0: 0.1, 1: 0.1, 2: 0.1, 3: 1.1, 4: 0.1, 5: 1.1, 6: 0.1, 7: 0.1, 8: 0.1}
16:57:00 - 877 root INFO    X   |   O   |   X   
-------+-------+------
   X   |   0   |   O   
-------+-------+------
   O   |   X   |   O   

16:57:00 - 877 root INFO 
Winner: Human

16:57:00 - 877 root INFO  X | O | X 
---+---+---
 X | X | O 
---+---+---
 O | X | O 
16:57:01 - 211 root INFO {0: 270, 1: 58, 2: 76, 3: 0, 4: 0, 5: 0, 6: 0, 7: 0, 8: 0}
16:57:01 - 211 root INFO    270   |   58   |   76   
-------+-------+------
   0   |   0   |   0   
-------+-------+------
   0   |   0   |   0   

16:57:01 - 212 root INFO Human moves
16:57:01 - 212 root INFO    | X |   
---+---+---
   |   |   
---+---+---
   |   |   
16:57:01 - 212 root INFO {0: 270.1, 1: 58.1, 2: 76.1, 3: 0.1, 4: 0.1, 5: 0.1, 6: 0.1, 7: 0.1, 8: 0.1}
16:57:01 - 212 root INFO    270   |   X   |   O   
-------+-------+------
   0   |   0   |   0   
-------+-------+------
   0   |   0   |   0   

16:57:01 - 212 root INFO Human moves
16:57:01 - 212 root INFO    | X | O 
---+---+---
   | X |   
---+---+---
   |   |   
16:57:01 - 212 root INFO {0: 0.1, 1: 0.1, 2: 3.1, 3: 5.1, 4: 7.1, 5: 5.1, 6: 10.1, 7: 4.1, 8: 10.1}
16:57:01 - 212 root INFO    0   |   X   |   O   
-------+-------+------
   5   |   X   |   5   
-------+-------+------
   O   |   4   |   10   

16:57:01 - 213 root INFO Human moves
16:57:01 - 213 root INFO    | X | O 
---+---+---
   | X | X 
---+---+---
 O |   |   
16:57:01 - 213 root INFO {0: 0.1, 1: 0.1, 2: 8.1, 3: 2.1, 4: 0.1, 5: 2.1, 6: 2.1, 7: 2.1, 8: 0.1}
16:57:01 - 213 root INFO    0   |   X   |   O   
-------+-------+------
   2   |   X   |   X   
-------+-------+------
   O   |   O   |   0   

16:57:01 - 213 root INFO Human moves
16:57:01 - 213 root INFO  X | X | O 
---+---+---
   | X | X 
---+---+---
 O | O |   
16:57:01 - 213 root INFO {0: 0.1, 1: 0.1, 2: 1.1, 3: 0.1, 4: 0.1, 5: 0.1, 6: 1.1, 7: 1.1, 8: 0.1}
16:57:01 - 213 root INFO    X   |   X   |   O   
-------+-------+------
   O   |   X   |   X   
-------+-------+------
   O   |   O   |   0   

16:57:01 - 213 root INFO 
Winner: Menace

16:57:01 - 213 root INFO  X | X | O 
---+---+---
 O | X | X 
---+---+---
 O | O | X 
16:57:01 - 519 root INFO {0: 270, 1: 61, 2: 76, 3: 0, 4: 0, 5: 0, 6: 0, 7: 0, 8: 0}
16:57:01 - 519 root INFO    270   |   61   |   76   
-------+-------+------
   0   |   0   |   0   
-------+-------+------
   0   |   0   |   0   

16:57:01 - 519 root INFO Human moves
16:57:01 - 520 root INFO    |   | X 
---+---+---
   |   |   
---+---+---
   |   |   
16:57:01 - 520 root INFO {0: 270.1, 1: 61.1, 2: 76.1, 3: 0.1, 4: 0.1, 5: 0.1, 6: 0.1, 7: 0.1, 8: 0.1}
16:57:01 - 520 root INFO    270   |   61   |   X   
-------+-------+------
   0   |   0   |   O   
-------+-------+------
   0   |   0   |   0   

16:57:01 - 520 root INFO Human moves
16:57:01 - 520 root INFO    |   | X 
---+---+---
   |   | O 
---+---+---
   |   | X 
16:57:01 - 520 root INFO {0: 0.1, 1: 0.1, 2: 9.1, 3: 8.1, 4: 10.1, 5: 6.1, 6: 16.1, 7: 45.1, 8: 8.1}
16:57:01 - 520 root INFO    0   |   0   |   X   
-------+-------+------
   O   |   10   |   O   
-------+-------+------
   16   |   45   |   X   

16:57:01 - 521 root INFO Human moves
16:57:01 - 521 root INFO    |   | X 
---+---+---
 O | X | O 
---+---+---
   |   | X 
16:57:01 - 521 root INFO {0: 0.1, 1: 0.1, 2: 0.1, 3: 2.1, 4: 5.1, 5: 2.1, 6: 2.1, 7: 0.1, 8: 2.1}
16:57:01 - 521 root INFO    0   |   0   |   X   
-------+-------+------
   O   |   X   |   O   
-------+-------+------
   O   |   0   |   X   

16:57:01 - 521 root INFO Human moves
16:57:01 - 521 root INFO    |   | X 
---+---+---
 O | X | O 
---+---+---
 O | X | X 
16:57:01 - 521 root INFO 
Winner: Human

16:57:01 - 521 root INFO  O |   | X 
---+---+---
 O | X | O 
---+---+---
 O | X | X 
16:57:01 - 844 root INFO {0: 270, 1: 61, 2: 75, 3: 0, 4: 0, 5: 0, 6: 0, 7: 0, 8: 0}
16:57:01 - 844 root INFO    270   |   61   |   75   
-------+-------+------
   0   |   0   |   0   
-------+-------+------
   0   |   0   |   0   

16:57:01 - 844 root INFO Human moves
16:57:01 - 844 root INFO  X |   |   
---+---+---
   |   |   
---+---+---
   |   |   
16:57:01 - 845 root INFO {0: 270.1, 1: 61.1, 2: 75.1, 3: 0.1, 4: 0.1, 5: 0.1, 6: 0.1, 7: 0.1, 8: 0.1}
16:57:01 - 845 root INFO    X   |   61   |   75   
-------+-------+------
   O   |   0   |   0   
-------+-------+------
   0   |   0   |   0   

16:57:01 - 845 root INFO Human moves
16:57:01 - 845 root INFO  X |   | X 
---+---+---
 O |   |   
---+---+---
   |   |   
16:57:01 - 845 root INFO {0: 0.1, 1: 0.1, 2: 8.1, 3: 8.1, 4: 10.1, 5: 6.1, 6: 16.1, 7: 45.1, 8: 8.1}
16:57:01 - 845 root INFO    X   |   0   |   X   
-------+-------+------
   O   |   O   |   6   
-------+-------+------
   16   |   45   |   8   

16:57:01 - 845 root INFO Human moves
16:57:01 - 845 root INFO  X |   | X 
---+---+---
 O | O | X 
---+---+---
   |   |   
16:57:01 - 846 root INFO {0: 0.1, 1: 0.1, 2: 2.1, 3: 5.1, 4: 0.1, 5: 3.1, 6: 0.1, 7: 2.1, 8: 2.1}
16:57:01 - 846 root INFO    X   |   O   |   X   
-------+-------+------
   O   |   O   |   X   
-------+-------+------
   0   |   2   |   2   

16:57:01 - 846 root INFO Human moves
16:57:01 - 846 root INFO  X | O | X 
---+---+---
 O | O | X 
---+---+---
   | X |   
16:57:01 - 846 root INFO {0: 0.1, 1: 0.1, 2: 0.1, 3: 0.1, 4: 0.1, 5: 0.1, 6: 1.1, 7: 1.1, 8: 1.1}
16:57:01 - 846 root INFO    X   |   O   |   X   
-------+-------+------
   O   |   O   |   X   
-------+-------+------
   1   |   X   |   O   

16:57:01 - 846 root INFO 
Winner: Human

16:57:01 - 846 root INFO  X | O | X 
---+---+---
 O | O | X 
---+---+---
 X | X | O 
16:57:02 - 185 root INFO {0: 271, 1: 61, 2: 75, 3: 0, 4: 0, 5: 0, 6: 0, 7: 0, 8: 0}
16:57:02 - 185 root INFO    271   |   61   |   75   
-------+-------+------
   0   |   0   |   0   
-------+-------+------
   0   |   0   |   0   

16:57:02 - 185 root INFO Human moves
16:57:02 - 185 root INFO  X |   |   
---+---+---
   |   |   
---+---+---
   |   |   
16:57:02 - 185 root INFO {0: 271.1, 1: 61.1, 2: 75.1, 3: 0.1, 4: 0.1, 5: 0.1, 6: 0.1, 7: 0.1, 8: 0.1}
16:57:02 - 186 root INFO    X   |   61   |   75   
-------+-------+------
   0   |   0   |   0   
-------+-------+------
   0   |   0   |   O   

16:57:02 - 186 root INFO Human moves
16:57:02 - 186 root INFO  X | X |   
---+---+---
   |   |   
---+---+---
   |   | O 
16:57:02 - 186 root INFO {0: 0.1, 1: 18.1, 2: 5.1, 3: 3.1, 4: 5.1, 5: 10.1, 6: 9.1, 7: 7.1, 8: 0.1}
16:57:02 - 186 root INFO    X   |   X   |   5   
-------+-------+------
   3   |   O   |   10   
-------+-------+------
   9   |   7   |   O   

16:57:02 - 186 root INFO Human moves
16:57:02 - 186 root INFO  X | X |   
---+---+---
   | O |   
---+---+---
 X |   | O 
16:57:02 - 186 root INFO {0: 0.1, 1: 0.1, 2: 2.1, 3: 1.1, 4: 0.1, 5: 2.1, 6: 5.1, 7: 0.1, 8: 0.1}
16:57:02 - 186 root INFO    X   |   X   |   2   
-------+-------+------
   O   |   O   |   2   
-------+-------+------
   X   |   0   |   O   

16:57:02 - 186 root INFO Human moves
16:57:02 - 186 root INFO  X | X |   
---+---+---
 O | O | X 
---+---+---
 X |   | O 
16:57:02 - 187 root INFO {0: 0.1, 1: 0.1, 2: 0.1, 3: 0.1, 4: 0.1, 5: 1.1, 6: 1.1, 7: 1.1, 8: 0.1}
16:57:02 - 187 root INFO    X   |   X   |   O   
-------+-------+------
   O   |   O   |   X   
-------+-------+------
   X   |   1   |   O   

16:57:02 - 187 root INFO 
Winner: Human

16:57:02 - 187 root INFO  X | X | O 
---+---+---
 O | O | X 
---+---+---
 X | X | O 
16:57:02 - 799 root INFO {0: 272, 1: 61, 2: 75, 3: 0, 4: 0, 5: 0, 6: 0, 7: 0, 8: 0}
16:57:02 - 799 root INFO    272   |   61   |   75   
-------+-------+------
   0   |   0   |   0   
-------+-------+------
   0   |   0   |   0   

16:57:02 - 800 root INFO Human moves
16:57:02 - 800 root INFO    | X |   
---+---+---
   |   |   
---+---+---
   |   |   
16:57:02 - 800 root INFO {0: 272.1, 1: 61.1, 2: 75.1, 3: 0.1, 4: 0.1, 5: 0.1, 6: 0.1, 7: 0.1, 8: 0.1}
16:57:02 - 800 root INFO    272   |   X   |   O   
-------+-------+------
   0   |   0   |   0   
-------+-------+------
   0   |   0   |   0   

16:57:02 - 800 root INFO Human moves
16:57:02 - 800 root INFO    | X | O 
---+---+---
   |   |   
---+---+---
 X |   |   
16:57:02 - 801 root INFO {0: 0.1, 1: 0.1, 2: 3.1, 3: 5.1, 4: 10.1, 5: 5.1, 6: 10.1, 7: 4.1, 8: 10.1}
16:57:02 - 801 root INFO    0   |   X   |   O   
-------+-------+------
   5   |   10   |   5   
-------+-------+------
   X   |   O   |   10   

16:57:02 - 801 root INFO Human moves
16:57:02 - 801 root INFO    | X | O 
---+---+---
 X |   |   
---+---+---
 X | O |   
16:57:02 - 801 root INFO {0: 0.1, 1: 0.1, 2: 6.1, 3: 5.1, 4: 2.1, 5: 2.1, 6: 1.1, 7: 0.1, 8: 0.1}
16:57:02 - 801 root INFO    0   |   X   |   O   
-------+-------+------
   X   |   O   |   2   
-------+-------+------
   X   |   O   |   0   

16:57:02 - 801 root INFO 
Winner: Menace

16:57:02 - 801 root INFO  X | X | O 
---+---+---
 X | O |   
---+---+---
 X | O |   
16:57:03 - 526 root INFO {0: 272, 1: 64, 2: 75, 3: 0, 4: 0, 5: 0, 6: 0, 7: 0, 8: 0}
16:57:03 - 526 root INFO    272   |   64   |   75   
-------+-------+------
   0   |   0   |   0   
-------+-------+------
   0   |   0   |   0   

16:57:03 - 527 root INFO Human moves
16:57:03 - 527 root INFO  X |   |   
---+---+---
   |   |   
---+---+---
   |   |   
16:57:03 - 527 root INFO {0: 272.1, 1: 64.1, 2: 75.1, 3: 0.1, 4: 0.1, 5: 0.1, 6: 0.1, 7: 0.1, 8: 0.1}
16:57:03 - 527 root INFO    X   |   64   |   75   
-------+-------+------
   0   |   0   |   0   
-------+-------+------
   0   |   0   |   O   

16:57:03 - 527 root INFO Human moves
16:57:03 - 527 root INFO  X | X |   
---+---+---
   |   |   
---+---+---
   |   | O 
16:57:03 - 527 root INFO {0: 0.1, 1: 19.1, 2: 5.1, 3: 3.1, 4: 5.1, 5: 10.1, 6: 9.1, 7: 7.1, 8: 0.1}
16:57:03 - 527 root INFO    X   |   X   |   5   
-------+-------+------
   3   |   5   |   O   
-------+-------+------
   9   |   7   |   O   

16:57:03 - 528 root INFO 
Winner: Menace

16:57:03 - 528 root INFO  X | X | X 
---+---+---
   |   | O 
---+---+---
   |   | O 
16:57:04 - 788 root INFO {0: 275, 1: 64, 2: 75, 3: 0, 4: 0, 5: 0, 6: 0, 7: 0, 8: 0}
16:57:04 - 789 root INFO    275   |   64   |   75   
-------+-------+------
   0   |   0   |   0   
-------+-------+------
   0   |   0   |   0   

16:57:04 - 789 root INFO Human moves
16:57:04 - 789 root INFO  X |   |   
---+---+---
   |   |   
---+---+---
   |   |   
16:57:04 - 790 root INFO {0: 275.1, 1: 64.1, 2: 75.1, 3: 0.1, 4: 0.1, 5: 0.1, 6: 0.1, 7: 0.1, 8: 0.1}
16:57:04 - 790 root INFO    X   |   64   |   75   
-------+-------+------
   O   |   0   |   0   
-------+-------+------
   0   |   0   |   0   

16:57:04 - 790 root INFO Human moves
16:57:04 - 790 root INFO  X |   |   
---+---+---
 O |   | X 
---+---+---
   |   |   
16:57:04 - 790 root INFO {0: 0.1, 1: 0.1, 2: 8.1, 3: 8.1, 4: 10.1, 5: 6.1, 6: 17.1, 7: 45.1, 8: 8.1}
16:57:04 - 790 root INFO    X   |   0   |   O   
-------+-------+------
   O   |   10   |   X   
-------+-------+------
   17   |   45   |   8   

16:57:04 - 790 root INFO Human moves
16:57:04 - 790 root INFO  X |   | O 
---+---+---
 O |   | X 
---+---+---
   | X |   
16:57:04 - 791 root INFO {0: 0.1, 1: 0.1, 2: 3.1, 3: 2.1, 4: 2.1, 5: 6.1, 6: 0.1, 7: 0.1, 8: 8.1}
16:57:04 - 791 root INFO    X   |   0   |   O   
-------+-------+------
   O   |   2   |   X   
-------+-------+------
   0   |   X   |   O   

16:57:04 - 791 root INFO Human moves
16:57:04 - 791 root INFO  X |   | O 
---+---+---
 O | X | X 
---+---+---
   | X | O 
16:57:04 - 791 root INFO {0: 0.1, 1: 0.1, 2: 1.1, 3: 2.1, 4: 5.1, 5: 0.1, 6: 0.1, 7: 0.1, 8: 0.1}
16:57:04 - 791 root INFO    X   |   O   |   O   
-------+-------+------
   O   |   X   |   X   
-------+-------+------
   0   |   X   |   O   

16:57:04 - 791 root INFO 
Winner: Human

16:57:04 - 791 root INFO  X | O | O 
---+---+---
 O | X | X 
---+---+---
 X | X | O 
16:57:06 - 363 root INFO {0: 276, 1: 64, 2: 75, 3: 0, 4: 0, 5: 0, 6: 0, 7: 0, 8: 0}
16:57:06 - 363 root INFO    276   |   64   |   75   
-------+-------+------
   0   |   0   |   0   
-------+-------+------
   0   |   0   |   0   

16:57:06 - 363 root INFO Human moves
16:57:06 - 364 root INFO    |   | X 
---+---+---
   |   |   
---+---+---
   |   |   
16:57:06 - 364 root INFO {0: 276.1, 1: 64.1, 2: 75.1, 3: 0.1, 4: 0.1, 5: 0.1, 6: 0.1, 7: 0.1, 8: 0.1}
16:57:06 - 364 root INFO    276   |   64   |   X   
-------+-------+------
   0   |   0   |   0   
-------+-------+------
   0   |   0   |   O   

16:57:06 - 364 root INFO Human moves
16:57:06 - 364 root INFO    |   | X 
---+---+---
 X |   |   
---+---+---
   |   | O 
16:57:06 - 364 root INFO {0: 0.1, 1: 10.1, 2: 0.1, 3: 7.1, 4: 12.1, 5: 27.1, 6: 30.1, 7: 8.1, 8: 13.1}
16:57:06 - 364 root INFO    0   |   10   |   X   
-------+-------+------
   X   |   12   |   27   
-------+-------+------
   30   |   O   |   O   

16:57:06 - 364 root INFO Human moves
16:57:06 - 365 root INFO    | X | X 
---+---+---
 X |   |   
---+---+---
   | O | O 
16:57:06 - 365 root INFO 
Winner: Human

16:57:06 - 365 root INFO    | X | X 
---+---+---
 X |   |   
---+---+---
 O | O | O 
16:57:07 - 102 root INFO {0: 276, 1: 64, 2: 74, 3: 0, 4: 0, 5: 0, 6: 0, 7: 0, 8: 0}
16:57:07 - 102 root INFO    276   |   64   |   74   
-------+-------+------
   0   |   0   |   0   
-------+-------+------
   0   |   0   |   0   

16:57:07 - 103 root INFO Human moves
16:57:07 - 103 root INFO  X |   |   
---+---+---
   |   |   
---+---+---
   |   |   
16:57:07 - 103 root INFO {0: 276.1, 1: 64.1, 2: 74.1, 3: 0.1, 4: 0.1, 5: 0.1, 6: 0.1, 7: 0.1, 8: 0.1}
16:57:07 - 103 root INFO    X   |   64   |   74   
-------+-------+------
   0   |   0   |   O   
-------+-------+------
   0   |   0   |   0   

16:57:07 - 103 root INFO Human moves
16:57:07 - 103 root INFO  X |   |   
---+---+---
   | X | O 
---+---+---
   |   |   
16:57:07 - 104 root INFO {0: 0.1, 1: 9.1, 2: 43.1, 3: 9.1, 4: 56.1, 5: 0.1, 6: 13.1, 7: 18.1, 8: 4.1}
16:57:07 - 104 root INFO    X   |   9   |   43   
-------+-------+------
   9   |   X   |   O   
-------+-------+------
   13   |   18   |   O   

16:57:07 - 104 root INFO Human moves
16:57:07 - 104 root INFO  X |   |   
---+---+---
   | X | O 
---+---+---
 X |   | O 
16:57:07 - 104 root INFO {0: 0.1, 1: 1.1, 2: 5.1, 3: 1.1, 4: 0.1, 5: 0.1, 6: 2.1, 7: 1.1, 8: 0.1}
16:57:07 - 104 root INFO    X   |   O   |   5   
-------+-------+------
   1   |   X   |   O   
-------+-------+------
   X   |   1   |   O   

16:57:07 - 104 root INFO Human moves
16:57:07 - 104 root INFO  X | O |   
---+---+---
   | X | O 
---+---+---
 X | X | O 
16:57:07 - 104 root INFO 
Winner: Human

16:57:07 - 104 root INFO  X | O | O 
---+---+---
   | X | O 
---+---+---
 X | X | O 
16:57:07 - 694 root INFO {0: 275, 1: 64, 2: 74, 3: 0, 4: 0, 5: 0, 6: 0, 7: 0, 8: 0}
16:57:07 - 695 root INFO    275   |   64   |   74   
-------+-------+------
   0   |   0   |   0   
-------+-------+------
   0   |   0   |   0   

16:57:07 - 695 root INFO Human moves
16:57:07 - 695 root INFO  X |   |   
---+---+---
   |   |   
---+---+---
   |   |   
16:57:07 - 695 root INFO {0: 275.1, 1: 64.1, 2: 74.1, 3: 0.1, 4: 0.1, 5: 0.1, 6: 0.1, 7: 0.1, 8: 0.1}
16:57:07 - 695 root INFO    X   |   64   |   74   
-------+-------+------
   0   |   O   |   0   
-------+-------+------
   0   |   0   |   0   

16:57:07 - 696 root INFO Human moves
16:57:07 - 696 root INFO  X |   |   
---+---+---
   | O |   
---+---+---
   |   | X 
16:57:07 - 696 root INFO {0: 0.1, 1: 14.1, 2: 7.1, 3: 18.1, 4: 0.1, 5: 3.1, 6: 5.1, 7: 3.1, 8: 2.1}
16:57:07 - 696 root INFO    X   |   O   |   7   
-------+-------+------
   18   |   O   |   3   
-------+-------+------
   5   |   3   |   X   

16:57:07 - 696 root INFO Human moves
16:57:07 - 696 root INFO  X | O |   
---+---+---
   | O | X 
---+---+---
   |   | X 
16:57:07 - 696 root INFO {0: 0.1, 1: 0.1, 2: 1.1, 3: 2.1, 4: 0.1, 5: 2.1, 6: 2.1, 7: 2.1, 8: 0.1}
16:57:07 - 696 root INFO    X   |   O   |   O   
-------+-------+------
   2   |   O   |   X   
-------+-------+------
   2   |   2   |   X   

16:57:07 - 696 root INFO Human moves
16:57:07 - 696 root INFO  X | O | O 
---+---+---
   | O | X 
---+---+---
 X |   | X 
16:57:07 - 696 root INFO 
Winner: Human

16:57:07 - 696 root INFO  X | O | O 
---+---+---
   | O | X 
---+---+---
 X | O | X 
16:57:08 - 232 root INFO {0: 274, 1: 64, 2: 74, 3: 0, 4: 0, 5: 0, 6: 0, 7: 0, 8: 0}
16:57:08 - 233 root INFO    274   |   64   |   74   
-------+-------+------
   0   |   0   |   0   
-------+-------+------
   0   |   0   |   0   

16:57:08 - 233 root INFO Human moves
16:57:08 - 233 root INFO  X |   |   
---+---+---
   |   |   
---+---+---
   |   |   
16:57:08 - 233 root INFO {0: 274.1, 1: 64.1, 2: 74.1, 3: 0.1, 4: 0.1, 5: 0.1, 6: 0.1, 7: 0.1, 8: 0.1}
16:57:08 - 233 root INFO    X   |   64   |   O   
-------+-------+------
   0   |   0   |   0   
-------+-------+------
   0   |   0   |   0   

16:57:08 - 234 root INFO Human moves
16:57:08 - 234 root INFO  X |   | O 
---+---+---
   |   |   
---+---+---
   |   | X 
16:57:08 - 234 root INFO {0: 0.1, 1: 10.1, 2: 0.1, 3: 7.1, 4: 12.1, 5: 27.1, 6: 30.1, 7: 7.1, 8: 13.1}
16:57:08 - 234 root INFO    X   |   O   |   O   
-------+-------+------
   7   |   12   |   27   
-------+-------+------
   30   |   7   |   X   

16:57:08 - 234 root INFO Human moves
16:57:08 - 234 root INFO  X | O | O 
---+---+---
   |   | X 
---+---+---
   |   | X 
16:57:08 - 234 root INFO {0: 0.1, 1: 0.1, 2: 0.1, 3: 2.1, 4: 2.1, 5: 2.1, 6: 2.1, 7: 8.1, 8: 0.1}
16:57:08 - 234 root INFO    X   |   O   |   O   
-------+-------+------
   2   |   2   |   X   
-------+-------+------
   O   |   8   |   X   

16:57:08 - 234 root INFO Human moves
16:57:08 - 234 root INFO  X | O | O 
---+---+---
 X |   | X 
---+---+---
 O |   | X 
16:57:08 - 235 root INFO 
Winner: Human

16:57:08 - 235 root INFO  X | O | O 
---+---+---
 X | O | X 
---+---+---
 O |   | X 
16:57:08 - 766 root INFO {0: 273, 1: 64, 2: 74, 3: 0, 4: 0, 5: 0, 6: 0, 7: 0, 8: 0}
16:57:08 - 767 root INFO    273   |   64   |   74   
-------+-------+------
   0   |   0   |   0   
-------+-------+------
   0   |   0   |   0   

16:57:08 - 767 root INFO Human moves
16:57:08 - 767 root INFO    |   | X 
---+---+---
   |   |   
---+---+---
   |   |   
16:57:08 - 767 root INFO {0: 273.1, 1: 64.1, 2: 74.1, 3: 0.1, 4: 0.1, 5: 0.1, 6: 0.1, 7: 0.1, 8: 0.1}
16:57:08 - 767 root INFO    273   |   O   |   X   
-------+-------+------
   0   |   0   |   0   
-------+-------+------
   0   |   0   |   0   

16:57:08 - 768 root INFO Human moves
16:57:08 - 768 root INFO    | O | X 
---+---+---
   |   |   
---+---+---
   |   | X 
16:57:08 - 768 root INFO {0: 0.1, 1: 0.1, 2: 8.1, 3: 8.1, 4: 10.1, 5: 6.1, 6: 17.1, 7: 46.1, 8: 8.1}
16:57:08 - 768 root INFO    0   |   O   |   X   
-------+-------+------
   O   |   10   |   6   
-------+-------+------
   17   |   46   |   X   

16:57:08 - 768 root INFO 
Winner: Menace

16:57:08 - 768 root INFO    | O | X 
---+---+---
 O |   | X 
---+---+---
   |   | X 
16:57:09 - 383 root INFO {0: 273, 1: 64, 2: 77, 3: 0, 4: 0, 5: 0, 6: 0, 7: 0, 8: 0}
16:57:09 - 384 root INFO    273   |   64   |   77   
-------+-------+------
   0   |   0   |   0   
-------+-------+------
   0   |   0   |   0   

16:57:09 - 385 root INFO Human moves
16:57:09 - 385 root INFO  X |   |   
---+---+---
   |   |   
---+---+---
   |   |   
16:57:09 - 385 root INFO {0: 273.1, 1: 64.1, 2: 77.1, 3: 0.1, 4: 0.1, 5: 0.1, 6: 0.1, 7: 0.1, 8: 0.1}
16:57:09 - 385 root INFO    X   |   64   |   77   
-------+-------+------
   0   |   0   |   0   
-------+-------+------
   0   |   O   |   0   

16:57:09 - 386 root INFO Human moves
16:57:09 - 386 root INFO  X |   |   
---+---+---
   | X |   
---+---+---
   | O |   
16:57:09 - 386 root INFO {0: 0.1, 1: 9.1, 2: 43.1, 3: 9.1, 4: 55.1, 5: 0.1, 6: 13.1, 7: 18.1, 8: 4.1}
16:57:09 - 386 root INFO    X   |   9   |   O   
-------+-------+------
   9   |   X   |   0   
-------+-------+------
   13   |   O   |   4   

16:57:09 - 386 root INFO Human moves
16:57:09 - 386 root INFO  X |   | O 
---+---+---
   | X |   
---+---+---
 X | O |   
16:57:09 - 386 root INFO {0: 0.1, 1: 2.1, 2: 0.1, 3: 2.1, 4: 0.1, 5: 4.1, 6: 5.1, 7: 0.1, 8: 2.1}
16:57:09 - 386 root INFO    X   |   O   |   O   
-------+-------+------
   2   |   X   |   4   
-------+-------+------
   X   |   O   |   2   

16:57:09 - 387 root INFO 
Winner: Menace

16:57:09 - 387 root INFO  X | O | O 
---+---+---
   | X |   
---+---+---
 X | O | X 
16:57:10 - 17 root INFO {0: 276, 1: 64, 2: 77, 3: 0, 4: 0, 5: 0, 6: 0, 7: 0, 8: 0}
16:57:10 - 17 root INFO    276   |   64   |   77   
-------+-------+------
   0   |   0   |   0   
-------+-------+------
   0   |   0   |   0   

16:57:10 - 18 root INFO Human moves
16:57:10 - 18 root INFO  X |   |   
---+---+---
   |   |   
---+---+---
   |   |   
16:57:10 - 18 root INFO {0: 276.1, 1: 64.1, 2: 77.1, 3: 0.1, 4: 0.1, 5: 0.1, 6: 0.1, 7: 0.1, 8: 0.1}
16:57:10 - 18 root INFO    X   |   64   |   77   
-------+-------+------
   0   |   O   |   0   
-------+-------+------
   0   |   0   |   0   

16:57:10 - 18 root INFO Human moves
16:57:10 - 18 root INFO  X |   | X 
---+---+---
   | O |   
---+---+---
   |   |   
16:57:10 - 19 root INFO {0: 0.1, 1: 14.1, 2: 7.1, 3: 18.1, 4: 0.1, 5: 3.1, 6: 5.1, 7: 3.1, 8: 1.1}
16:57:10 - 19 root INFO    X   |   14   |   X   
-------+-------+------
   18   |   O   |   3   
-------+-------+------
   O   |   3   |   1   

16:57:10 - 19 root INFO 
Winner: Menace

16:57:10 - 19 root INFO  X | X | X 
---+---+---
   | O |   
---+---+---
 O |   |   
16:57:10 - 577 root INFO {0: 279, 1: 64, 2: 77, 3: 0, 4: 0, 5: 0, 6: 0, 7: 0, 8: 0}
16:57:10 - 577 root INFO    279   |   64   |   77   
-------+-------+------
   0   |   0   |   0   
-------+-------+------
   0   |   0   |   0   

16:57:10 - 577 root INFO Human moves
16:57:10 - 578 root INFO    |   | X 
---+---+---
   |   |   
---+---+---
   |   |   
16:57:10 - 578 root INFO {0: 279.1, 1: 64.1, 2: 77.1, 3: 0.1, 4: 0.1, 5: 0.1, 6: 0.1, 7: 0.1, 8: 0.1}
16:57:10 - 578 root INFO    279   |   64   |   X   
-------+-------+------
   0   |   0   |   O   
-------+-------+------
   0   |   0   |   0   

16:57:10 - 578 root INFO Human moves
16:57:10 - 578 root INFO    |   | X 
---+---+---
 X |   | O 
---+---+---
   |   |   
16:57:10 - 578 root INFO {0: 0.1, 1: 0.1, 2: 8.1, 3: 8.1, 4: 10.1, 5: 6.1, 6: 20.1, 7: 46.1, 8: 8.1}
16:57:10 - 578 root INFO    0   |   0   |   X   
-------+-------+------
   X   |   10   |   O   
-------+-------+------
   20   |   46   |   O   

16:57:10 - 578 root INFO Human moves
16:57:10 - 578 root INFO    |   | X 
---+---+---
 X |   | O 
---+---+---
 X |   | O 
16:57:10 - 578 root INFO {0: 0.1, 1: 0.1, 2: 0.1, 3: 5.1, 4: 5.1, 5: 3.1, 6: 2.1, 7: 0.1, 8: 5.1}
16:57:10 - 578 root INFO    O   |   0   |   X   
-------+-------+------
   X   |   5   |   O   
-------+-------+------
   X   |   0   |   O   

16:57:10 - 578 root INFO 
Winner: Menace

16:57:10 - 578 root INFO  O |   | X 
---+---+---
 X | X | O 
---+---+---
 X |   | O 
16:57:11 - 165 root INFO {0: 279, 1: 64, 2: 80, 3: 0, 4: 0, 5: 0, 6: 0, 7: 0, 8: 0}
16:57:11 - 165 root INFO    279   |   64   |   80   
-------+-------+------
   0   |   0   |   0   
-------+-------+------
   0   |   0   |   0   

16:57:11 - 166 root INFO Human moves
16:57:11 - 166 root INFO    |   | X 
---+---+---
   |   |   
---+---+---
   |   |   
16:57:11 - 166 root INFO {0: 279.1, 1: 64.1, 2: 80.1, 3: 0.1, 4: 0.1, 5: 0.1, 6: 0.1, 7: 0.1, 8: 0.1}
16:57:11 - 166 root INFO    O   |   64   |   X   
-------+-------+------
   0   |   0   |   0   
-------+-------+------
   0   |   0   |   0   

16:57:11 - 167 root INFO Human moves
16:57:11 - 167 root INFO  O |   | X 
---+---+---
   |   |   
---+---+---
   |   | X 
16:57:11 - 167 root INFO {0: 0.1, 1: 10.1, 2: 0.1, 3: 7.1, 4: 12.1, 5: 27.1, 6: 30.1, 7: 7.1, 8: 12.1}
16:57:11 - 167 root INFO    O   |   10   |   X   
-------+-------+------
   7   |   O   |   27   
-------+-------+------
   30   |   7   |   X   

16:57:11 - 167 root INFO Human moves
16:57:11 - 167 root INFO  O |   | X 
---+---+---
   | O |   
---+---+---
 X |   | X 
16:57:11 - 167 root INFO {0: 0.1, 1: 2.1, 2: 0.1, 3: 5.1, 4: 0.1, 5: 2.1, 6: 0.1, 7: 2.1, 8: 3.1}
16:57:11 - 167 root INFO    O   |   2   |   X   
-------+-------+------
   O   |   O   |   2   
-------+-------+------
   X   |   2   |   X   

16:57:11 - 168 root INFO 
Winner: Menace

16:57:11 - 168 root INFO  O |   | X 
---+---+---
 O | O | X 
---+---+---
 X |   | X 
16:57:11 - 847 root INFO {0: 279, 1: 64, 2: 83, 3: 0, 4: 0, 5: 0, 6: 0, 7: 0, 8: 0}
16:57:11 - 847 root INFO    279   |   64   |   83   
-------+-------+------
   0   |   0   |   0   
-------+-------+------
   0   |   0   |   0   

16:57:11 - 847 root INFO Human moves
16:57:11 - 848 root INFO    |   | X 
---+---+---
   |   |   
---+---+---
   |   |   
16:57:11 - 848 root INFO {0: 279.1, 1: 64.1, 2: 83.1, 3: 0.1, 4: 0.1, 5: 0.1, 6: 0.1, 7: 0.1, 8: 0.1}
16:57:11 - 848 root INFO    279   |   64   |   X   
-------+-------+------
   0   |   0   |   0   
-------+-------+------
   0   |   0   |   O   

16:57:11 - 848 root INFO Human moves
16:57:11 - 848 root INFO    |   | X 
---+---+---
   |   | X 
---+---+---
   |   | O 
16:57:11 - 848 root INFO {0: 0.1, 1: 10.1, 2: 0.1, 3: 7.1, 4: 12.1, 5: 27.1, 6: 33.1, 7: 7.1, 8: 12.1}
16:57:11 - 848 root INFO    0   |   O   |   X   
-------+-------+------
   7   |   12   |   X   
-------+-------+------
   33   |   7   |   O   

16:57:11 - 848 root INFO Human moves
16:57:11 - 848 root INFO    | O | X 
---+---+---
   | X | X 
---+---+---
   |   | O 
16:57:11 - 849 root INFO {0: 0.1, 1: 0.1, 2: 2.1, 3: 0.1, 4: 2.1, 5: 2.1, 6: 0.1, 7: 2.1, 8: 3.1}
16:57:11 - 849 root INFO    0   |   O   |   X   
-------+-------+------
   O   |   X   |   X   
-------+-------+------
   0   |   2   |   O   

16:57:11 - 849 root INFO Human moves
16:57:11 - 849 root INFO    | O | X 
---+---+---
 O | X | X 
---+---+---
   | X | O 
16:57:11 - 849 root INFO {0: 0.1, 1: 0.1, 2: 1.1, 3: 0.1, 4: 0.1, 5: 0.1, 6: 0.1, 7: 2.1, 8: 1.1}
16:57:11 - 849 root INFO    O   |   O   |   X   
-------+-------+------
   O   |   X   |   X   
-------+-------+------
   0   |   X   |   O   

16:57:11 - 849 root INFO 
Winner: Menace

16:57:11 - 849 root INFO  O | O | X 
---+---+---
 O | X | X 
---+---+---
 X | X | O 
16:57:12 - 520 root INFO {0: 279, 1: 64, 2: 86, 3: 0, 4: 0, 5: 0, 6: 0, 7: 0, 8: 0}
16:57:12 - 520 root INFO    279   |   64   |   86   
-------+-------+------
   0   |   0   |   0   
-------+-------+------
   0   |   0   |   0   

16:57:12 - 521 root INFO Human moves
16:57:12 - 521 root INFO  X |   |   
---+---+---
   |   |   
---+---+---
   |   |   
16:57:12 - 521 root INFO {0: 279.1, 1: 64.1, 2: 86.1, 3: 0.1, 4: 0.1, 5: 0.1, 6: 0.1, 7: 0.1, 8: 0.1}
16:57:12 - 521 root INFO    X   |   64   |   86   
-------+-------+------
   0   |   0   |   O   
-------+-------+------
   0   |   0   |   0   

16:57:12 - 521 root INFO Human moves
16:57:12 - 521 root INFO  X |   |   
---+---+---
   |   | O 
---+---+---
 X |   |   
16:57:12 - 521 root INFO {0: 0.1, 1: 9.1, 2: 43.1, 3: 9.1, 4: 58.1, 5: 0.1, 6: 13.1, 7: 18.1, 8: 4.1}
16:57:12 - 521 root INFO    X   |   9   |   43   
-------+-------+------
   9   |   58   |   O   
-------+-------+------
   X   |   O   |   4   

16:57:12 - 522 root INFO 
Winner: Menace

16:57:12 - 522 root INFO  X |   |   
---+---+---
 X |   | O 
---+---+---
 X | O |   
16:57:13 - 205 root INFO {0: 282, 1: 64, 2: 86, 3: 0, 4: 0, 5: 0, 6: 0, 7: 0, 8: 0}
16:57:13 - 205 root INFO    282   |   64   |   86   
-------+-------+------
   0   |   0   |   0   
-------+-------+------
   0   |   0   |   0   

16:57:13 - 205 root INFO Human moves
16:57:13 - 205 root INFO    |   | X 
---+---+---
   |   |   
---+---+---
   |   |   
16:57:13 - 206 root INFO {0: 282.1, 1: 64.1, 2: 86.1, 3: 0.1, 4: 0.1, 5: 0.1, 6: 0.1, 7: 0.1, 8: 0.1}
16:57:13 - 206 root INFO    O   |   64   |   X   
-------+-------+------
   0   |   0   |   0   
-------+-------+------
   0   |   0   |   0   

16:57:13 - 206 root INFO Human moves
16:57:13 - 206 root INFO  O |   | X 
---+---+---
 X |   |   
---+---+---
   |   |   
16:57:13 - 206 root INFO {0: 0.1, 1: 13.1, 2: 0.1, 3: 7.1, 4: 12.1, 5: 27.1, 6: 33.1, 7: 7.1, 8: 12.1}
16:57:13 - 206 root INFO    O   |   13   |   X   
-------+-------+------
   X   |   12   |   27   
-------+-------+------
   33   |   7   |   O   

16:57:13 - 206 root INFO Human moves
16:57:13 - 206 root INFO  O | X | X 
---+---+---
 X |   |   
---+---+---
   |   | O 
16:57:13 - 206 root INFO {0: 0.1, 1: 8.1, 2: 0.1, 3: 8.1, 4: 2.1, 5: 0.1, 6: 0.1, 7: 2.1, 8: 0.1}
16:57:13 - 206 root INFO    O   |   X   |   X   
-------+-------+------
   X   |   2   |   0   
-------+-------+------
   0   |   O   |   O   

16:57:13 - 207 root INFO Human moves
16:57:13 - 207 root INFO  O | X | X 
---+---+---
 X | X |   
---+---+---
   | O | O 
16:57:13 - 207 root INFO {0: 0.1, 1: 0.1, 2: 0.1, 3: 1.1, 4: 1.1, 5: 0.1, 6: 0.1, 7: 0.1, 8: 1.1}
16:57:13 - 207 root INFO    O   |   X   |   X   
-------+-------+------
   X   |   X   |   O   
-------+-------+------
   0   |   O   |   O   

16:57:13 - 207 root INFO 
Winner: Menace

16:57:13 - 207 root INFO  O | X | X 
---+---+---
 X | X | O 
---+---+---
 X | O | O 
16:57:13 - 665 root INFO {0: 282, 1: 64, 2: 89, 3: 0, 4: 0, 5: 0, 6: 0, 7: 0, 8: 0}
16:57:13 - 665 root INFO    282   |   64   |   89   
-------+-------+------
   0   |   0   |   0   
-------+-------+------
   0   |   0   |   0   

16:57:13 - 666 root INFO Human moves
16:57:13 - 666 root INFO    | X |   
---+---+---
   |   |   
---+---+---
   |   |   
16:57:13 - 666 root INFO {0: 282.1, 1: 64.1, 2: 89.1, 3: 0.1, 4: 0.1, 5: 0.1, 6: 0.1, 7: 0.1, 8: 0.1}
16:57:13 - 666 root INFO    282   |   X   |   O   
-------+-------+------
   0   |   0   |   0   
-------+-------+------
   0   |   0   |   0   

16:57:13 - 666 root INFO Human moves
16:57:13 - 666 root INFO    | X | O 
---+---+---
   |   |   
---+---+---
   |   | X 
16:57:13 - 666 root INFO {0: 0.1, 1: 0.1, 2: 3.1, 3: 5.1, 4: 10.1, 5: 5.1, 6: 10.1, 7: 4.1, 8: 13.1}
16:57:13 - 666 root INFO    0   |   X   |   O   
-------+-------+------
   O   |   10   |   5   
-------+-------+------
   10   |   4   |   X   

16:57:13 - 667 root INFO Human moves
16:57:13 - 667 root INFO    | X | O 
---+---+---
 O | X |   
---+---+---
   |   | X 
16:57:13 - 667 root INFO {0: 0.1, 1: 2.1, 2: 0.1, 3: 2.1, 4: 15.1, 5: 0.1, 6: 5.1, 7: 0.1, 8: 2.1}
16:57:13 - 667 root INFO    0   |   X   |   O   
-------+-------+------
   O   |   X   |   0   
-------+-------+------
   O   |   0   |   X   

16:57:13 - 667 root INFO 
Winner: Menace

16:57:13 - 667 root INFO    | X | O 
---+---+---
 O | X |   
---+---+---
 O | X | X 
16:57:14 - 16 root INFO {0: 282, 1: 67, 2: 89, 3: 0, 4: 0, 5: 0, 6: 0, 7: 0, 8: 0}
16:57:14 - 17 root INFO    282   |   67   |   89   
-------+-------+------
   0   |   0   |   0   
-------+-------+------
   0   |   0   |   0   

16:57:14 - 17 root INFO Human moves
16:57:14 - 17 root INFO  X |   |   
---+---+---
   |   |   
---+---+---
   |   |   
16:57:14 - 17 root INFO {0: 282.1, 1: 67.1, 2: 89.1, 3: 0.1, 4: 0.1, 5: 0.1, 6: 0.1, 7: 0.1, 8: 0.1}
16:57:14 - 17 root INFO    X   |   67   |   89   
-------+-------+------
   0   |   0   |   0   
-------+-------+------
   O   |   0   |   0   

16:57:14 - 18 root INFO Human moves
16:57:14 - 18 root INFO  X |   | X 
---+---+---
   |   |   
---+---+---
 O |   |   
16:57:14 - 18 root INFO {0: 0.1, 1: 13.1, 2: 0.1, 3: 7.1, 4: 12.1, 5: 30.1, 6: 33.1, 7: 7.1, 8: 12.1}
16:57:14 - 18 root INFO    X   |   13   |   X   
-------+-------+------
   7   |   12   |   30   
-------+-------+------
   O   |   O   |   12   

16:57:14 - 18 root INFO 
Winner: Menace

16:57:14 - 18 root INFO  X | X | X 
---+---+---
   |   |   
---+---+---
 O | O |   
16:57:14 - 552 root INFO {0: 285, 1: 67, 2: 89, 3: 0, 4: 0, 5: 0, 6: 0, 7: 0, 8: 0}
16:57:14 - 552 root INFO    285   |   67   |   89   
-------+-------+------
   0   |   0   |   0   
-------+-------+------
   0   |   0   |   0   

16:57:14 - 553 root INFO Human moves
16:57:14 - 553 root INFO  X |   |   
---+---+---
   |   |   
---+---+---
   |   |   
16:57:14 - 553 root INFO {0: 285.1, 1: 67.1, 2: 89.1, 3: 0.1, 4: 0.1, 5: 0.1, 6: 0.1, 7: 0.1, 8: 0.1}
16:57:14 - 553 root INFO    X   |   67   |   89   
-------+-------+------
   0   |   0   |   0   
-------+-------+------
   0   |   O   |   0   

16:57:14 - 553 root INFO Human moves
16:57:14 - 553 root INFO  X |   |   
---+---+---
   | X |   
---+---+---
   | O |   
16:57:14 - 553 root INFO {0: 0.1, 1: 9.1, 2: 43.1, 3: 9.1, 4: 58.1, 5: 0.1, 6: 16.1, 7: 18.1, 8: 4.1}
16:57:14 - 553 root INFO    X   |   9   |   43   
-------+-------+------
   O   |   X   |   0   
-------+-------+------
   16   |   O   |   4   

16:57:14 - 554 root INFO 
Winner: Menace

16:57:14 - 554 root INFO  X |   |   
---+---+---
 O | X |   
---+---+---
   | O | X 
16:57:15 - 119 root INFO {0: 288, 1: 67, 2: 89, 3: 0, 4: 0, 5: 0, 6: 0, 7: 0, 8: 0}
16:57:15 - 120 root INFO    288   |   67   |   89   
-------+-------+------
   0   |   0   |   0   
-------+-------+------
   0   |   0   |   0   

16:57:15 - 120 root INFO Human moves
16:57:15 - 120 root INFO    |   | X 
---+---+---
   |   |   
---+---+---
   |   |   
16:57:15 - 120 root INFO {0: 288.1, 1: 67.1, 2: 89.1, 3: 0.1, 4: 0.1, 5: 0.1, 6: 0.1, 7: 0.1, 8: 0.1}
16:57:15 - 120 root INFO    288   |   67   |   X   
-------+-------+------
   0   |   0   |   O   
-------+-------+------
   0   |   0   |   0   

16:57:15 - 121 root INFO Human moves
16:57:15 - 121 root INFO    |   | X 
---+---+---
 X |   | O 
---+---+---
   |   |   
16:57:15 - 121 root INFO {0: 0.1, 1: 0.1, 2: 8.1, 3: 8.1, 4: 10.1, 5: 6.1, 6: 20.1, 7: 49.1, 8: 8.1}
16:57:15 - 121 root INFO    0   |   0   |   X   
-------+-------+------
   X   |   10   |   O   
-------+-------+------
   O   |   49   |   8   

16:57:15 - 121 root INFO Human moves
16:57:15 - 122 root INFO    |   | X 
---+---+---
 X |   | O 
---+---+---
 O |   | X 
16:57:15 - 122 root INFO {0: 0.1, 1: 0.1, 2: 6.1, 3: 8.1, 4: 2.1, 5: 2.1, 6: 1.1, 7: 0.1, 8: 0.1}
16:57:15 - 122 root INFO    0   |   0   |   X   
-------+-------+------
   X   |   2   |   O   
-------+-------+------
   O   |   O   |   X   

16:57:15 - 122 root INFO Human moves
16:57:15 - 122 root INFO    |   | X 
---+---+---
 X | X | O 
---+---+---
 O | O | X 
16:57:15 - 122 root INFO {0: 0.1, 1: 0.1, 2: 0.1, 3: 0.1, 4: 3.1, 5: 1.1, 6: 0.1, 7: 0.1, 8: 1.1}
16:57:15 - 122 root INFO    O   |   0   |   X   
-------+-------+------
   X   |   X   |   O   
-------+-------+------
   O   |   O   |   X   

16:57:15 - 122 root INFO 
Winner: Human

16:57:15 - 122 root INFO  O | X | X 
---+---+---
 X | X | O 
---+---+---
 O | O | X 
16:57:15 - 509 root INFO {0: 288, 1: 67, 2: 90, 3: 0, 4: 0, 5: 0, 6: 0, 7: 0, 8: 0}
16:57:15 - 509 root INFO    288   |   67   |   90   
-------+-------+------
   0   |   0   |   0   
-------+-------+------
   0   |   0   |   0   

16:57:15 - 510 root INFO Human moves
16:57:15 - 510 root INFO  X |   |   
---+---+---
   |   |   
---+---+---
   |   |   
16:57:15 - 510 root INFO {0: 288.1, 1: 67.1, 2: 90.1, 3: 0.1, 4: 0.1, 5: 0.1, 6: 0.1, 7: 0.1, 8: 0.1}
16:57:15 - 510 root INFO    X   |   67   |   90   
-------+-------+------
   0   |   0   |   0   
-------+-------+------
   0   |   0   |   O   

16:57:15 - 511 root INFO Human moves
16:57:15 - 511 root INFO  X |   | X 
---+---+---
   |   |   
---+---+---
   |   | O 
16:57:15 - 511 root INFO {0: 0.1, 1: 22.1, 2: 5.1, 3: 3.1, 4: 5.1, 5: 10.1, 6: 9.1, 7: 7.1, 8: 0.1}
16:57:15 - 511 root INFO    X   |   22   |   X   
-------+-------+------
   3   |   5   |   10   
-------+-------+------
   9   |   O   |   O   

16:57:15 - 511 root INFO 
Winner: Menace

16:57:15 - 511 root INFO  X | X | X 
---+---+---
   |   |   
---+---+---
   | O | O 
17:01:30 - 170 root INFO -------------------------
17:01:30 - 171 root INFO Training...
17:01:30 - 182 root INFO 
Game: 212210201, winner: 2, round: 50

17:01:30 - 182 root INFO 
   34   |   38   |   54   
-------+-------+------
   0   |   0   |   0   
-------+-------+------
   0   |   0   |   0   

17:01:30 - 197 root INFO 
Game: 002012012, winner: 2, round: 100

17:01:30 - 197 root INFO 
   60   |   51   |   95   
-------+-------+------
   0   |   0   |   0   
-------+-------+------
   0   |   0   |   0   

17:01:30 - 209 root INFO 
Game: 222120101, winner: 2, round: 150

17:01:30 - 209 root INFO 
   71   |   63   |   158   
-------+-------+------
   0   |   0   |   0   
-------+-------+------
   0   |   0   |   0   

17:01:30 - 224 root INFO 
Game: 212122121, winner: 0, round: 200

17:01:30 - 224 root INFO 
   78   |   82   |   220   
-------+-------+------
   0   |   0   |   0   
-------+-------+------
   0   |   0   |   0   

17:01:30 - 239 root INFO 
Game: 012112202, winner: 2, round: 250

17:01:30 - 239 root INFO 
   104   |   106   |   270   
-------+-------+------
   0   |   0   |   0   
-------+-------+------
   0   |   0   |   0   

17:01:30 - 256 root INFO 
Game: 212020112, winner: 2, round: 300

17:01:30 - 256 root INFO 
   119   |   122   |   355   
-------+-------+------
   0   |   0   |   0   
-------+-------+------
   0   |   0   |   0   

17:01:30 - 273 root INFO 
Game: 222121211, winner: 2, round: 350

17:01:30 - 273 root INFO 
   140   |   145   |   399   
-------+-------+------
   0   |   0   |   0   
-------+-------+------
   0   |   0   |   0   

17:01:30 - 295 root INFO 
Game: 222000101, winner: 2, round: 400

17:01:30 - 295 root INFO 
   158   |   172   |   464   
-------+-------+------
   0   |   0   |   0   
-------+-------+------
   0   |   0   |   0   

17:01:30 - 315 root INFO 
Game: 221121002, winner: 2, round: 450

17:01:30 - 315 root INFO 
   194   |   207   |   513   
-------+-------+------
   0   |   0   |   0   
-------+-------+------
   0   |   0   |   0   

17:01:30 - 336 root INFO 
Game: 102002012, winner: 2, round: 500

17:01:30 - 336 root INFO 
   208   |   242   |   562   
-------+-------+------
   0   |   0   |   0   
-------+-------+------
   0   |   0   |   0   

17:01:30 - 336 root INFO Training finished!
17:01:30 - 336 root INFO -------------------------
17:01:30 - 336 root INFO Human Moves vs Menace
17:01:30 - 337 root INFO {0: 208, 1: 242, 2: 562, 3: 0, 4: 0, 5: 0, 6: 0, 7: 0, 8: 0}
17:01:30 - 337 root INFO 
   208   |   242   |   562   
-------+-------+------
   0   |   0   |   0   
-------+-------+------
   0   |   0   |   0   

17:01:30 - 337 root INFO Human moves
17:01:30 - 337 root INFO 
   |   | X 
---+---+---
   |   |   
---+---+---
   |   |   
17:01:30 - 337 root INFO {0: 208.1, 1: 242.1, 2: 562.1, 3: 0.1, 4: 0.1, 5: 0.1, 6: 0.1, 7: 0.1, 8: 0.1}
17:01:30 - 337 root INFO 
   O   |   242   |   X   
-------+-------+------
   0   |   0   |   0   
-------+-------+------
   0   |   0   |   0   

17:01:30 - 337 root INFO Human moves
17:01:30 - 337 root INFO 
 O |   | X 
---+---+---
   | X |   
---+---+---
   |   |   
17:01:30 - 337 root INFO {0: 0.1, 1: 17.1, 2: 0.1, 3: 19.1, 4: 47.1, 5: 26.1, 6: 20.1, 7: 14.1, 8: 26.1}
17:01:30 - 337 root INFO 
   O   |   O   |   X   
-------+-------+------
   19   |   X   |   26   
-------+-------+------
   20   |   14   |   26   

17:01:30 - 337 root INFO Human moves
17:01:30 - 337 root INFO 
 O | O | X 
---+---+---
   | X | X 
---+---+---
   |   |   
17:01:30 - 337 root INFO {0: 0.1, 1: 0.1, 2: 0.1, 3: 11.1, 4: 0.1, 5: 2.1, 6: 2.1, 7: 2.1, 8: 8.1}
17:01:30 - 337 root INFO 
   O   |   O   |   X   
-------+-------+------
   11   |   X   |   X   
-------+-------+------
   2   |   O   |   8   

17:01:30 - 337 root INFO 
Winner: Menace

17:01:30 - 337 root INFO 
 O | O | X 
---+---+---
   | X | X 
---+---+---
 X | O |   
